<?xml version="1.0" encoding="UTF-8"?>
<!-- Generated by org.testng.reporters.JUnitXMLReporter -->
<testsuite hostname="HAEI-GDC-025" failures="0" tests="3" name="Create Account" time="42.754" errors="0" timestamp="16 Jun 2023 08:41:48 GMT">
  <testcase classname="testcases.TC001_CreateAccount" name="verifyCreateAccount" time="2.298"/>
  <testcase classname="testcases.TC001_CreateAccount" name="clickTermsOfServiceLink" time="10.174"/>
  <testcase classname="testcases.TC001_CreateAccount" name="clickPrivacyPolicyLink" time="9.541"/>
</testsuite> <!-- Create Account -->
