<?xml version="1.0" encoding="UTF-8"?>
<!-- Generated by org.testng.reporters.JUnitXMLReporter -->
<testsuite hostname="HAEI-GDC-025" failures="0" tests="4" name="Dashboard" time="226.928" errors="0" timestamp="16 Jun 2023 08:49:37 GMT">
  <testcase classname="testcases.TC005_Dashboard" name="DashboardClickDoorUnLock" time="57.071"/>
  <testcase classname="testcases.TC005_Dashboard" name="DashboardClickDoorLock" time="55.206"/>
  <testcase classname="testcases.TC005_Dashboard" name="DashboardClickRemoteClimateStartStop" time="67.848"/>
  <testcase classname="testcases.TC005_Dashboard" name="DashboardLastRefreshExist" time="28.848"/>
</testsuite> <!-- Dashboard -->
