<?xml version="1.0" encoding="UTF-8"?>
<!-- Generated by org.testng.reporters.JUnitXMLReporter -->
<testsuite hostname="HAEI-GDC-025" failures="0" tests="5" name="Login" time="195.779" errors="0" timestamp="16 Jun 2023 08:45:04 GMT">
  <testcase classname="testcases.TC002_Login" name="verifySignInIsDisplayed" time="1.65"/>
  <testcase classname="testcases.TC002_Login" name="verifyLoginIn" time="6.116"/>
  <testcase classname="testcases.TC002_Login" name="verifyForgotPassword" time="2.85"/>
  <testcase classname="testcases.TC002_Login" name="verifyRememberMecheckbox" time="138.887"/>
  <testcase classname="testcases.TC002_Login" name="verifyLogout" time="21.091"/>
</testsuite> <!-- Login -->
