<?xml version="1.0" encoding="UTF-8"?>
<testng-results total="1" passed="1" failed="0" skipped="0">
  <reporter-output>
  </reporter-output>
  <suite started-at="2023-06-16T11:33:09Z" name="KIA-CWP" finished-at="2023-06-16T11:33:55Z" duration-ms="45894">
    <groups>
    </groups>
    <test started-at="2023-06-16T11:33:09Z" name="Additional Drivers - deleteTheVehicleFromSecondaryDriverAccount " finished-at="2023-06-16T11:33:55Z" duration-ms="45894">
      <class name="testcases.TC013_AdditionalDrivers">
        <test-method is-config="true" signature="beforeTest()[pri:0, instance:testcases.TC013_AdditionalDrivers@7a419da4]" started-at="2023-06-16T06:33:09Z" name="beforeTest" finished-at="2023-06-16T06:33:09Z" duration-ms="150" status="PASS">
          <reporter-output>
          </reporter-output>
        </test-method> <!-- beforeTest -->
        <test-method is-config="true" signature="beforeMethod(java.lang.String, java.lang.String, java.lang.String, java.lang.String, java.lang.String)[pri:0, instance:testcases.TC013_AdditionalDrivers@7a419da4]" started-at="2023-06-16T06:33:10Z" name="beforeMethod" finished-at="2023-06-16T06:33:15Z" duration-ms="4744" status="PASS">
          <params>
            <param index="0">
              <value>
                <![CDATA[chrome]]>
              </value>
            </param>
            <param index="1">
              <value>
                <![CDATA[Additional Drivers - deleteTheVehicleFromSecondaryDriverAccount]]>
              </value>
            </param>
            <param index="2">
              <value>
                <![CDATA[Additional Drivers deleteTheVehicleFromSecondaryDriverAccount Smoke Test]]>
              </value>
            </param>
            <param index="3">
              <value>
                <![CDATA[Smoke Testing]]>
              </value>
            </param>
            <param index="4">
              <value>
                <![CDATA[HAEA-KIA]]>
              </value>
            </param>
          </params>
          <reporter-output>
          </reporter-output>
        </test-method> <!-- beforeMethod -->
        <test-method signature="deleteTheVehicleFromSecondaryDriverAccount(java.lang.String, java.lang.String, java.lang.String)[pri:0, instance:testcases.TC013_AdditionalDrivers@7a419da4]" started-at="2023-06-16T06:33:15Z" name="deleteTheVehicleFromSecondaryDriverAccount" data-provider="fetchData" finished-at="2023-06-16T06:33:54Z" duration-ms="39121" status="PASS">
          <params>
            <param index="0">
              <value>
                <![CDATA[prodauto1@mailinator.com]]>
              </value>
            </param>
            <param index="1">
              <value>
                <![CDATA[Password1]]>
              </value>
            </param>
            <param index="2">
              <value>
                <![CDATA[My TELLURIDE]]>
              </value>
            </param>
          </params>
          <reporter-output>
          </reporter-output>
        </test-method> <!-- deleteTheVehicleFromSecondaryDriverAccount -->
        <test-method is-config="true" signature="afterMethod()[pri:0, instance:testcases.TC013_AdditionalDrivers@7a419da4]" started-at="2023-06-16T06:33:54Z" name="afterMethod" finished-at="2023-06-16T06:33:55Z" duration-ms="909" status="PASS">
          <reporter-output>
          </reporter-output>
        </test-method> <!-- afterMethod -->
        <test-method is-config="true" signature="afterTest()[pri:0, instance:testcases.TC013_AdditionalDrivers@7a419da4]" started-at="2023-06-16T06:33:55Z" name="afterTest" finished-at="2023-06-16T06:33:55Z" duration-ms="260" status="PASS">
          <reporter-output>
          </reporter-output>
        </test-method> <!-- afterTest -->
      </class> <!-- testcases.TC013_AdditionalDrivers -->
    </test> <!-- Additional Drivers - deleteTheVehicleFromSecondaryDriverAccount  -->
  </suite> <!-- KIA-CWP -->
</testng-results>
