<?xml version="1.0" encoding="UTF-8"?>
<!-- Generated by org.testng.reporters.JUnitXMLReporter -->
<testsuite hostname="ICT-2003278-AQA" name="Default test" tests="4" failures="0" timestamp="17 May 2023 11:56:49 GMT" time="0.408" errors="0">
  <testcase name="addSecondaryDriver" time="0.038" classname="testcases.TC013_AdditionalDrivers">
    <skipped/>
  </testcase> <!-- addSecondaryDriver -->
  <testcase name="acceptRequestFromPrimaryAccount" time="0.006" classname="testcases.TC013_AdditionalDrivers">
    <skipped/>
  </testcase> <!-- acceptRequestFromPrimaryAccount -->
  <testcase name="linkedDriverIsDisplayed" time="0.004" classname="testcases.TC013_AdditionalDrivers">
    <skipped/>
  </testcase> <!-- linkedDriverIsDisplayed -->
  <testcase name="deleteTheVehicleFromSecondaryDriverAccount" time="0.006" classname="testcases.TC013_AdditionalDrivers">
    <skipped/>
  </testcase> <!-- deleteTheVehicleFromSecondaryDriverAccount -->
</testsuite> <!-- Default test -->
